<?xml version="1.0" encoding="UTF-8"?>
<!-- Generated by org.testng.reporters.JUnitXMLReporter -->
<testsuite hostname="LAPTOP-N04AR20A" name="Test1" tests="5" failures="0" timestamp="3 Oct 2019 01:33:10 GMT" time="0.04" errors="0">
  <testcase name="test1" time="0.012" classname="TestNGConcepts.Grouping"/>
  <testcase name="test2" time="0.002" classname="TestNGConcepts.Grouping"/>
  <testcase name="test3" time="0.0" classname="TestNGConcepts.Grouping"/>
  <testcase name="test4" time="0.001" classname="TestNGConcepts.Grouping"/>
  <testcase name="test5" time="0.001" classname="TestNGConcepts.Grouping"/>
</testsuite> <!-- Test1 -->
